<?xml version="1.0" encoding="UTF-8"?>
<!-- Generated by org.testng.reporters.JUnitReportReporter -->
<testsuite skipped="0" hostname="DESKTOP-8QTLCQR" name="endTests.AssignmentTest" tests="5" failures="0" timestamp="22 Jul 2021 09:33:49 GMT" time="7.404" errors="0">
  <testcase name="validateRemoveCartTsest" time="0.626" classname="endTests.AssignmentTest"/>
  <testcase name="logoutTest" time="0.553" classname="endTests.AssignmentTest"/>
  <testcase name="lockedTest" time="2.678" classname="endTests.AssignmentTest"/>
  <testcase name="validateCartTest" time="2.714" classname="endTests.AssignmentTest"/>
  <testcase name="loginTest" time="0.833" classname="endTests.AssignmentTest"/>
</testsuite> <!-- endTests.AssignmentTest -->
