<?xml version="1.0" encoding="UTF-8"?>
<!-- Generated by org.testng.reporters.JUnitReportReporter -->
<testsuite skipped="0" hostname="DESKTOP-8QTLCQR" name="userTests.DemoTest" tests="5" failures="0" timestamp="22 Jul 2021 10:53:00 GMT" time="8.056" errors="0">
  <testcase name="lockedUserTest" time="2.486" classname="userTests.DemoTest"/>
  <testcase name="loginUserTest" time="0.518" classname="userTests.DemoTest"/>
  <testcase name="cartAdditionTest" time="3.817" classname="userTests.DemoTest"/>
  <testcase name="removeCartItemaTest" time="0.693" classname="userTests.DemoTest"/>
  <testcase name="logoutUserTest" time="0.542" classname="userTests.DemoTest"/>
</testsuite> <!-- userTests.DemoTest -->
